15-03-2022 10:25:00.952 [main] DEBUG org.hibernate.type.BasicTypeRegistry.register - Adding type registration boolean -> org.hibernate.type.BooleanType@2c2a7d53
15-03-2022 10:25:00.953 [main] DEBUG org.hibernate.type.BasicTypeRegistry.register - Adding type registration boolean -> org.hibernate.type.BooleanType@2c2a7d53
15-03-2022 10:25:00.953 [main] DEBUG org.hibernate.type.BasicTypeRegistry.register - Adding type registration java.lang.Boolean -> org.hibernate.type.BooleanType@2c2a7d53
15-03-2022 10:25:00.955 [main] DEBUG org.hibernate.type.BasicTypeRegistry.register - Adding type registration numeric_boolean -> org.hibernate.type.NumericBooleanType@5a82bc58
15-03-2022 10:25:00.956 [main] DEBUG org.hibernate.type.BasicTypeRegistry.register - Adding type registration true_false -> org.hibernate.type.TrueFalseType@52657d5f
15-03-2022 10:25:00.957 [main] DEBUG org.hibernate.type.BasicTypeRegistry.register - Adding type registration yes_no -> org.hibernate.type.YesNoType@15f519f7
15-03-2022 10:25:00.959 [main] DEBUG org.hibernate.type.BasicTypeRegistry.register - Adding type registration byte -> org.hibernate.type.ByteType@4bf8b77
15-03-2022 10:25:00.960 [main] DEBUG org.hibernate.type.BasicTypeRegistry.register - Adding type registration byte -> org.hibernate.type.ByteType@4bf8b77
15-03-2022 10:25:00.960 [main] DEBUG org.hibernate.type.BasicTypeRegistry.register - Adding type registration java.lang.Byte -> org.hibernate.type.ByteType@4bf8b77
15-03-2022 10:25:00.962 [main] DEBUG org.hibernate.type.BasicTypeRegistry.register - Adding type registration character -> org.hibernate.type.CharacterType@74bbc273
15-03-2022 10:25:00.962 [main] DEBUG org.hibernate.type.BasicTypeRegistry.register - Adding type registration char -> org.hibernate.type.CharacterType@74bbc273
15-03-2022 10:25:00.963 [main] DEBUG org.hibernate.type.BasicTypeRegistry.register - Adding type registration java.lang.Character -> org.hibernate.type.CharacterType@74bbc273
15-03-2022 10:25:00.965 [main] DEBUG org.hibernate.type.BasicTypeRegistry.register - Adding type registration short -> org.hibernate.type.ShortType@5e541ef9
15-03-2022 10:25:00.965 [main] DEBUG org.hibernate.type.BasicTypeRegistry.register - Adding type registration short -> org.hibernate.type.ShortType@5e541ef9
15-03-2022 10:25:00.965 [main] DEBUG org.hibernate.type.BasicTypeRegistry.register - Adding type registration java.lang.Short -> org.hibernate.type.ShortType@5e541ef9
15-03-2022 10:25:00.967 [main] DEBUG org.hibernate.type.BasicTypeRegistry.register - Adding type registration integer -> org.hibernate.type.IntegerType@3ff8a3ad
15-03-2022 10:25:00.967 [main] DEBUG org.hibernate.type.BasicTypeRegistry.register - Adding type registration int -> org.hibernate.type.IntegerType@3ff8a3ad
15-03-2022 10:25:00.967 [main] DEBUG org.hibernate.type.BasicTypeRegistry.register - Adding type registration java.lang.Integer -> org.hibernate.type.IntegerType@3ff8a3ad
15-03-2022 10:25:00.969 [main] DEBUG org.hibernate.type.BasicTypeRegistry.register - Adding type registration long -> org.hibernate.type.LongType@31b6b0c7
15-03-2022 10:25:00.969 [main] DEBUG org.hibernate.type.BasicTypeRegistry.register - Adding type registration long -> org.hibernate.type.LongType@31b6b0c7
15-03-2022 10:25:00.969 [main] DEBUG org.hibernate.type.BasicTypeRegistry.register - Adding type registration java.lang.Long -> org.hibernate.type.LongType@31b6b0c7
15-03-2022 10:25:00.970 [main] DEBUG org.hibernate.type.BasicTypeRegistry.register - Adding type registration float -> org.hibernate.type.FloatType@77ba583
15-03-2022 10:25:00.970 [main] DEBUG org.hibernate.type.BasicTypeRegistry.register - Adding type registration float -> org.hibernate.type.FloatType@77ba583
15-03-2022 10:25:00.970 [main] DEBUG org.hibernate.type.BasicTypeRegistry.register - Adding type registration java.lang.Float -> org.hibernate.type.FloatType@77ba583
15-03-2022 10:25:00.972 [main] DEBUG org.hibernate.type.BasicTypeRegistry.register - Adding type registration double -> org.hibernate.type.DoubleType@586737ff
15-03-2022 10:25:00.972 [main] DEBUG org.hibernate.type.BasicTypeRegistry.register - Adding type registration double -> org.hibernate.type.DoubleType@586737ff
15-03-2022 10:25:00.972 [main] DEBUG org.hibernate.type.BasicTypeRegistry.register - Adding type registration java.lang.Double -> org.hibernate.type.DoubleType@586737ff
15-03-2022 10:25:00.973 [main] DEBUG org.hibernate.type.BasicTypeRegistry.register - Adding type registration big_decimal -> org.hibernate.type.BigDecimalType@2d07aacc
15-03-2022 10:25:00.974 [main] DEBUG org.hibernate.type.BasicTypeRegistry.register - Adding type registration java.math.BigDecimal -> org.hibernate.type.BigDecimalType@2d07aacc
15-03-2022 10:25:00.975 [main] DEBUG org.hibernate.type.BasicTypeRegistry.register - Adding type registration big_integer -> org.hibernate.type.BigIntegerType@4db728df
15-03-2022 10:25:00.975 [main] DEBUG org.hibernate.type.BasicTypeRegistry.register - Adding type registration java.math.BigInteger -> org.hibernate.type.BigIntegerType@4db728df
15-03-2022 10:25:00.976 [main] DEBUG org.hibernate.type.BasicTypeRegistry.register - Adding type registration string -> org.hibernate.type.StringType@44492c06
15-03-2022 10:25:00.976 [main] DEBUG org.hibernate.type.BasicTypeRegistry.register - Adding type registration java.lang.String -> org.hibernate.type.StringType@44492c06
15-03-2022 10:25:00.976 [main] DEBUG org.hibernate.type.BasicTypeRegistry.register - Adding type registration nstring -> org.hibernate.type.StringNVarcharType@7cdfa824
15-03-2022 10:25:00.977 [main] DEBUG org.hibernate.type.BasicTypeRegistry.register - Adding type registration ncharacter -> org.hibernate.type.CharacterNCharType@1ddf42dd
15-03-2022 10:25:00.978 [main] DEBUG org.hibernate.type.BasicTypeRegistry.register - Adding type registration url -> org.hibernate.type.UrlType@485c84d7
15-03-2022 10:25:00.978 [main] DEBUG org.hibernate.type.BasicTypeRegistry.register - Adding type registration java.net.URL -> org.hibernate.type.UrlType@485c84d7
15-03-2022 10:25:00.980 [main] DEBUG org.hibernate.type.BasicTypeRegistry.register - Adding type registration Duration -> org.hibernate.type.DurationType@22aefae0
15-03-2022 10:25:00.980 [main] DEBUG org.hibernate.type.BasicTypeRegistry.register - Adding type registration java.time.Duration -> org.hibernate.type.DurationType@22aefae0
15-03-2022 10:25:00.981 [main] DEBUG org.hibernate.type.BasicTypeRegistry.register - Adding type registration Instant -> org.hibernate.type.InstantType@aa0dbca
15-03-2022 10:25:00.981 [main] DEBUG org.hibernate.type.BasicTypeRegistry.register - Adding type registration java.time.Instant -> org.hibernate.type.InstantType@aa0dbca
15-03-2022 10:25:00.983 [main] DEBUG org.hibernate.type.BasicTypeRegistry.register - Adding type registration LocalDateTime -> org.hibernate.type.LocalDateTimeType@6c70b7c3
15-03-2022 10:25:00.983 [main] DEBUG org.hibernate.type.BasicTypeRegistry.register - Adding type registration java.time.LocalDateTime -> org.hibernate.type.LocalDateTimeType@6c70b7c3
15-03-2022 10:25:00.984 [main] DEBUG org.hibernate.type.BasicTypeRegistry.register - Adding type registration LocalDate -> org.hibernate.type.LocalDateType@401ec794
15-03-2022 10:25:00.984 [main] DEBUG org.hibernate.type.BasicTypeRegistry.register - Adding type registration java.time.LocalDate -> org.hibernate.type.LocalDateType@401ec794
15-03-2022 10:25:00.986 [main] DEBUG org.hibernate.type.BasicTypeRegistry.register - Adding type registration LocalTime -> org.hibernate.type.LocalTimeType@277bc3a5
15-03-2022 10:25:00.986 [main] DEBUG org.hibernate.type.BasicTypeRegistry.register - Adding type registration java.time.LocalTime -> org.hibernate.type.LocalTimeType@277bc3a5
15-03-2022 10:25:00.987 [main] DEBUG org.hibernate.type.BasicTypeRegistry.register - Adding type registration OffsetDateTime -> org.hibernate.type.OffsetDateTimeType@20890a1a
15-03-2022 10:25:00.988 [main] DEBUG org.hibernate.type.BasicTypeRegistry.register - Adding type registration java.time.OffsetDateTime -> org.hibernate.type.OffsetDateTimeType@20890a1a
15-03-2022 10:25:00.989 [main] DEBUG org.hibernate.type.BasicTypeRegistry.register - Adding type registration OffsetTime -> org.hibernate.type.OffsetTimeType@100eeedc
15-03-2022 10:25:00.989 [main] DEBUG org.hibernate.type.BasicTypeRegistry.register - Adding type registration java.time.OffsetTime -> org.hibernate.type.OffsetTimeType@100eeedc
15-03-2022 10:25:00.992 [main] DEBUG org.hibernate.type.BasicTypeRegistry.register - Adding type registration ZonedDateTime -> org.hibernate.type.ZonedDateTimeType@365e65bb
15-03-2022 10:25:00.992 [main] DEBUG org.hibernate.type.BasicTypeRegistry.register - Adding type registration java.time.ZonedDateTime -> org.hibernate.type.ZonedDateTimeType@365e65bb
15-03-2022 10:25:00.996 [main] DEBUG org.hibernate.type.BasicTypeRegistry.register - Adding type registration date -> org.hibernate.type.DateType@34e990cc
15-03-2022 10:25:00.996 [main] DEBUG org.hibernate.type.BasicTypeRegistry.register - Adding type registration java.sql.Date -> org.hibernate.type.DateType@34e990cc
15-03-2022 10:25:00.997 [main] DEBUG org.hibernate.type.BasicTypeRegistry.register - Adding type registration time -> org.hibernate.type.TimeType@350567f1
15-03-2022 10:25:00.998 [main] DEBUG org.hibernate.type.BasicTypeRegistry.register - Adding type registration java.sql.Time -> org.hibernate.type.TimeType@350567f1
15-03-2022 10:25:00.999 [main] DEBUG org.hibernate.type.BasicTypeRegistry.register - Adding type registration timestamp -> org.hibernate.type.TimestampType@2d4e99de
15-03-2022 10:25:00.999 [main] DEBUG org.hibernate.type.BasicTypeRegistry.register - Adding type registration java.sql.Timestamp -> org.hibernate.type.TimestampType@2d4e99de
15-03-2022 10:25:01.000 [main] DEBUG org.hibernate.type.BasicTypeRegistry.register - Adding type registration java.util.Date -> org.hibernate.type.TimestampType@2d4e99de
15-03-2022 10:25:01.001 [main] DEBUG org.hibernate.type.BasicTypeRegistry.register - Adding type registration dbtimestamp -> org.hibernate.type.DbTimestampType@63bca84d
15-03-2022 10:25:01.002 [main] DEBUG org.hibernate.type.BasicTypeRegistry.register - Adding type registration calendar -> org.hibernate.type.CalendarType@3982206a
15-03-2022 10:25:01.003 [main] DEBUG org.hibernate.type.BasicTypeRegistry.register - Adding type registration java.util.Calendar -> org.hibernate.type.CalendarType@3982206a
15-03-2022 10:25:01.003 [main] DEBUG org.hibernate.type.BasicTypeRegistry.register - Adding type registration java.util.GregorianCalendar -> org.hibernate.type.CalendarType@3982206a
15-03-2022 10:25:01.004 [main] DEBUG org.hibernate.type.BasicTypeRegistry.register - Adding type registration calendar_date -> org.hibernate.type.CalendarDateType@402a69f
15-03-2022 10:25:01.005 [main] DEBUG org.hibernate.type.BasicTypeRegistry.register - Adding type registration calendar_time -> org.hibernate.type.CalendarTimeType@433d93e7
15-03-2022 10:25:01.006 [main] DEBUG org.hibernate.type.BasicTypeRegistry.register - Adding type registration locale -> org.hibernate.type.LocaleType@7db47323
15-03-2022 10:25:01.007 [main] DEBUG org.hibernate.type.BasicTypeRegistry.register - Adding type registration java.util.Locale -> org.hibernate.type.LocaleType@7db47323
15-03-2022 10:25:01.008 [main] DEBUG org.hibernate.type.BasicTypeRegistry.register - Adding type registration currency -> org.hibernate.type.CurrencyType@38fb151a
15-03-2022 10:25:01.009 [main] DEBUG org.hibernate.type.BasicTypeRegistry.register - Adding type registration java.util.Currency -> org.hibernate.type.CurrencyType@38fb151a
15-03-2022 10:25:01.010 [main] DEBUG org.hibernate.type.BasicTypeRegistry.register - Adding type registration timezone -> org.hibernate.type.TimeZoneType@69d667a5
15-03-2022 10:25:01.010 [main] DEBUG org.hibernate.type.BasicTypeRegistry.register - Adding type registration java.util.TimeZone -> org.hibernate.type.TimeZoneType@69d667a5
15-03-2022 10:25:01.011 [main] DEBUG org.hibernate.type.BasicTypeRegistry.register - Adding type registration class -> org.hibernate.type.ClassType@7ab1ad9
15-03-2022 10:25:01.011 [main] DEBUG org.hibernate.type.BasicTypeRegistry.register - Adding type registration java.lang.Class -> org.hibernate.type.ClassType@7ab1ad9
15-03-2022 10:25:01.012 [main] DEBUG org.hibernate.type.BasicTypeRegistry.register - Adding type registration uuid-binary -> org.hibernate.type.UUIDBinaryType@b86cb18
15-03-2022 10:25:01.012 [main] DEBUG org.hibernate.type.BasicTypeRegistry.register - Adding type registration java.util.UUID -> org.hibernate.type.UUIDBinaryType@b86cb18
15-03-2022 10:25:01.013 [main] DEBUG org.hibernate.type.BasicTypeRegistry.register - Adding type registration uuid-char -> org.hibernate.type.UUIDCharType@4404a6b
15-03-2022 10:25:01.016 [main] DEBUG org.hibernate.type.BasicTypeRegistry.register - Adding type registration binary -> org.hibernate.type.BinaryType@371cd2fc
15-03-2022 10:25:01.017 [main] DEBUG org.hibernate.type.BasicTypeRegistry.register - Adding type registration byte[] -> org.hibernate.type.BinaryType@371cd2fc
15-03-2022 10:25:01.017 [main] DEBUG org.hibernate.type.BasicTypeRegistry.register - Adding type registration [B -> org.hibernate.type.BinaryType@371cd2fc
15-03-2022 10:25:01.018 [main] DEBUG org.hibernate.type.BasicTypeRegistry.register - Adding type registration wrapper-binary -> org.hibernate.type.WrapperBinaryType@2ec5cc14
15-03-2022 10:25:01.018 [main] DEBUG org.hibernate.type.BasicTypeRegistry.register - Adding type registration Byte[] -> org.hibernate.type.WrapperBinaryType@2ec5cc14
15-03-2022 10:25:01.018 [main] DEBUG org.hibernate.type.BasicTypeRegistry.register - Adding type registration [Ljava.lang.Byte; -> org.hibernate.type.WrapperBinaryType@2ec5cc14
15-03-2022 10:25:01.019 [main] DEBUG org.hibernate.type.BasicTypeRegistry.register - Adding type registration row_version -> org.hibernate.type.RowVersionType@5560b64d
15-03-2022 10:25:01.020 [main] DEBUG org.hibernate.type.BasicTypeRegistry.register - Adding type registration image -> org.hibernate.type.ImageType@312f3050
15-03-2022 10:25:01.021 [main] DEBUG org.hibernate.type.BasicTypeRegistry.register - Adding type registration characters -> org.hibernate.type.CharArrayType@33f349ae
15-03-2022 10:25:01.021 [main] DEBUG org.hibernate.type.BasicTypeRegistry.register - Adding type registration char[] -> org.hibernate.type.CharArrayType@33f349ae
15-03-2022 10:25:01.021 [main] DEBUG org.hibernate.type.BasicTypeRegistry.register - Adding type registration [C -> org.hibernate.type.CharArrayType@33f349ae
15-03-2022 10:25:01.022 [main] DEBUG org.hibernate.type.BasicTypeRegistry.register - Adding type registration wrapper-characters -> org.hibernate.type.CharacterArrayType@11228bee
15-03-2022 10:25:01.022 [main] DEBUG org.hibernate.type.BasicTypeRegistry.register - Adding type registration [Ljava.lang.Character; -> org.hibernate.type.CharacterArrayType@11228bee
15-03-2022 10:25:01.022 [main] DEBUG org.hibernate.type.BasicTypeRegistry.register - Adding type registration Character[] -> org.hibernate.type.CharacterArrayType@11228bee
15-03-2022 10:25:01.023 [main] DEBUG org.hibernate.type.BasicTypeRegistry.register - Adding type registration text -> org.hibernate.type.TextType@349f3ff7
15-03-2022 10:25:01.023 [main] DEBUG org.hibernate.type.BasicTypeRegistry.register - Adding type registration ntext -> org.hibernate.type.NTextType@7da77305
15-03-2022 10:25:01.024 [main] DEBUG org.hibernate.type.BasicTypeRegistry.register - Adding type registration blob -> org.hibernate.type.BlobType@20a47036
15-03-2022 10:25:01.025 [main] DEBUG org.hibernate.type.BasicTypeRegistry.register - Adding type registration java.sql.Blob -> org.hibernate.type.BlobType@20a47036
15-03-2022 10:25:01.025 [main] DEBUG org.hibernate.type.BasicTypeRegistry.register - Adding type registration materialized_blob -> org.hibernate.type.MaterializedBlobType@26865b57
15-03-2022 10:25:01.026 [main] DEBUG org.hibernate.type.BasicTypeRegistry.register - Adding type registration clob -> org.hibernate.type.ClobType@598778cc
15-03-2022 10:25:01.027 [main] DEBUG org.hibernate.type.BasicTypeRegistry.register - Adding type registration java.sql.Clob -> org.hibernate.type.ClobType@598778cc
15-03-2022 10:25:01.028 [main] DEBUG org.hibernate.type.BasicTypeRegistry.register - Adding type registration nclob -> org.hibernate.type.NClobType@704c3bdf
15-03-2022 10:25:01.028 [main] DEBUG org.hibernate.type.BasicTypeRegistry.register - Adding type registration java.sql.NClob -> org.hibernate.type.NClobType@704c3bdf
15-03-2022 10:25:01.028 [main] DEBUG org.hibernate.type.BasicTypeRegistry.register - Adding type registration materialized_clob -> org.hibernate.type.MaterializedClobType@14df5253
15-03-2022 10:25:01.029 [main] DEBUG org.hibernate.type.BasicTypeRegistry.register - Adding type registration materialized_nclob -> org.hibernate.type.MaterializedNClobType@710afd47
15-03-2022 10:25:01.030 [main] DEBUG org.hibernate.type.BasicTypeRegistry.register - Adding type registration serializable -> org.hibernate.type.SerializableType@1ad1be5d
15-03-2022 10:25:01.033 [main] DEBUG org.hibernate.type.BasicTypeRegistry.register - Adding type registration object -> org.hibernate.type.ObjectType@44de8e00
15-03-2022 10:25:01.033 [main] DEBUG org.hibernate.type.BasicTypeRegistry.register - Adding type registration java.lang.Object -> org.hibernate.type.ObjectType@44de8e00
15-03-2022 10:25:01.034 [main] DEBUG org.hibernate.type.BasicTypeRegistry.register - Adding type registration imm_date -> org.hibernate.type.AdaptedImmutableType@210635fd
15-03-2022 10:25:01.034 [main] DEBUG org.hibernate.type.BasicTypeRegistry.register - Adding type registration imm_time -> org.hibernate.type.AdaptedImmutableType@63814bbe
15-03-2022 10:25:01.034 [main] DEBUG org.hibernate.type.BasicTypeRegistry.register - Adding type registration imm_timestamp -> org.hibernate.type.AdaptedImmutableType@3cb195dd
15-03-2022 10:25:01.034 [main] DEBUG org.hibernate.type.BasicTypeRegistry.register - Adding type registration imm_dbtimestamp -> org.hibernate.type.AdaptedImmutableType@6dc2279c
15-03-2022 10:25:01.034 [main] DEBUG org.hibernate.type.BasicTypeRegistry.register - Adding type registration imm_calendar -> org.hibernate.type.AdaptedImmutableType@7d7b4e04
15-03-2022 10:25:01.034 [main] DEBUG org.hibernate.type.BasicTypeRegistry.register - Adding type registration imm_calendar_date -> org.hibernate.type.AdaptedImmutableType@144e36ae
15-03-2022 10:25:01.035 [main] DEBUG org.hibernate.type.BasicTypeRegistry.register - Adding type registration imm_binary -> org.hibernate.type.AdaptedImmutableType@24615687
15-03-2022 10:25:01.035 [main] DEBUG org.hibernate.type.BasicTypeRegistry.register - Adding type registration imm_serializable -> org.hibernate.type.AdaptedImmutableType@58636b50
15-03-2022 10:25:01.141 [main] DEBUG o.h.type.spi.TypeConfiguration$Scope.scope - Scoping TypeConfiguration [org.hibernate.type.spi.TypeConfiguration@11bfd751] to MetadataBuildingContext [org.hibernate.boot.internal.MetadataBuildingContextRootImpl@29519337]
15-03-2022 10:25:01.414 [main] DEBUG o.h.type.spi.TypeConfiguration$Scope.scope - Scoping TypeConfiguration [org.hibernate.type.spi.TypeConfiguration@11bfd751] to SessionFactoryImpl [org.hibernate.internal.SessionFactoryImpl@17a77a7e]
15-03-2022 10:25:01.762 [main] TRACE o.h.type.spi.TypeConfiguration$Scope.sessionFactoryCreated - Handling #sessionFactoryCreated from [org.hibernate.internal.SessionFactoryImpl@17a77a7e] for TypeConfiguration
15-03-2022 10:28:13.518 [SpringApplicationShutdownHook] TRACE o.h.type.spi.TypeConfiguration$Scope.sessionFactoryClosed - Handling #sessionFactoryClosed from [org.hibernate.internal.SessionFactoryImpl@17a77a7e] for TypeConfiguration
15-03-2022 10:28:13.518 [SpringApplicationShutdownHook] DEBUG o.h.type.spi.TypeConfiguration$Scope.unsetSessionFactory - Un-scoping TypeConfiguration [org.hibernate.type.spi.TypeConfiguration$Scope@79bf2167] from SessionFactory [org.hibernate.internal.SessionFactoryImpl@17a77a7e]
15-03-2022 10:28:22.666 [main] DEBUG org.hibernate.type.BasicTypeRegistry.register - Adding type registration boolean -> org.hibernate.type.BooleanType@393ae7a0
15-03-2022 10:28:22.667 [main] DEBUG org.hibernate.type.BasicTypeRegistry.register - Adding type registration boolean -> org.hibernate.type.BooleanType@393ae7a0
15-03-2022 10:28:22.667 [main] DEBUG org.hibernate.type.BasicTypeRegistry.register - Adding type registration java.lang.Boolean -> org.hibernate.type.BooleanType@393ae7a0
15-03-2022 10:28:22.668 [main] DEBUG org.hibernate.type.BasicTypeRegistry.register - Adding type registration numeric_boolean -> org.hibernate.type.NumericBooleanType@1533338c
15-03-2022 10:28:22.669 [main] DEBUG org.hibernate.type.BasicTypeRegistry.register - Adding type registration true_false -> org.hibernate.type.TrueFalseType@21f91efa
15-03-2022 10:28:22.669 [main] DEBUG org.hibernate.type.BasicTypeRegistry.register - Adding type registration yes_no -> org.hibernate.type.YesNoType@269c7104
15-03-2022 10:28:22.671 [main] DEBUG org.hibernate.type.BasicTypeRegistry.register - Adding type registration byte -> org.hibernate.type.ByteType@34b2d51a
15-03-2022 10:28:22.671 [main] DEBUG org.hibernate.type.BasicTypeRegistry.register - Adding type registration byte -> org.hibernate.type.ByteType@34b2d51a
15-03-2022 10:28:22.671 [main] DEBUG org.hibernate.type.BasicTypeRegistry.register - Adding type registration java.lang.Byte -> org.hibernate.type.ByteType@34b2d51a
15-03-2022 10:28:22.672 [main] DEBUG org.hibernate.type.BasicTypeRegistry.register - Adding type registration character -> org.hibernate.type.CharacterType@3a6556b6
15-03-2022 10:28:22.673 [main] DEBUG org.hibernate.type.BasicTypeRegistry.register - Adding type registration char -> org.hibernate.type.CharacterType@3a6556b6
15-03-2022 10:28:22.673 [main] DEBUG org.hibernate.type.BasicTypeRegistry.register - Adding type registration java.lang.Character -> org.hibernate.type.CharacterType@3a6556b6
15-03-2022 10:28:22.674 [main] DEBUG org.hibernate.type.BasicTypeRegistry.register - Adding type registration short -> org.hibernate.type.ShortType@1851c7d2
15-03-2022 10:28:22.675 [main] DEBUG org.hibernate.type.BasicTypeRegistry.register - Adding type registration short -> org.hibernate.type.ShortType@1851c7d2
15-03-2022 10:28:22.675 [main] DEBUG org.hibernate.type.BasicTypeRegistry.register - Adding type registration java.lang.Short -> org.hibernate.type.ShortType@1851c7d2
15-03-2022 10:28:22.676 [main] DEBUG org.hibernate.type.BasicTypeRegistry.register - Adding type registration integer -> org.hibernate.type.IntegerType@38dbeb39
15-03-2022 10:28:22.677 [main] DEBUG org.hibernate.type.BasicTypeRegistry.register - Adding type registration int -> org.hibernate.type.IntegerType@38dbeb39
15-03-2022 10:28:22.677 [main] DEBUG org.hibernate.type.BasicTypeRegistry.register - Adding type registration java.lang.Integer -> org.hibernate.type.IntegerType@38dbeb39
15-03-2022 10:28:22.678 [main] DEBUG org.hibernate.type.BasicTypeRegistry.register - Adding type registration long -> org.hibernate.type.LongType@59371066
15-03-2022 10:28:22.678 [main] DEBUG org.hibernate.type.BasicTypeRegistry.register - Adding type registration long -> org.hibernate.type.LongType@59371066
15-03-2022 10:28:22.678 [main] DEBUG org.hibernate.type.BasicTypeRegistry.register - Adding type registration java.lang.Long -> org.hibernate.type.LongType@59371066
15-03-2022 10:28:22.679 [main] DEBUG org.hibernate.type.BasicTypeRegistry.register - Adding type registration float -> org.hibernate.type.FloatType@43a59289
15-03-2022 10:28:22.679 [main] DEBUG org.hibernate.type.BasicTypeRegistry.register - Adding type registration float -> org.hibernate.type.FloatType@43a59289
15-03-2022 10:28:22.679 [main] DEBUG org.hibernate.type.BasicTypeRegistry.register - Adding type registration java.lang.Float -> org.hibernate.type.FloatType@43a59289
15-03-2022 10:28:22.681 [main] DEBUG org.hibernate.type.BasicTypeRegistry.register - Adding type registration double -> org.hibernate.type.DoubleType@51a719e7
15-03-2022 10:28:22.681 [main] DEBUG org.hibernate.type.BasicTypeRegistry.register - Adding type registration double -> org.hibernate.type.DoubleType@51a719e7
15-03-2022 10:28:22.681 [main] DEBUG org.hibernate.type.BasicTypeRegistry.register - Adding type registration java.lang.Double -> org.hibernate.type.DoubleType@51a719e7
15-03-2022 10:28:22.682 [main] DEBUG org.hibernate.type.BasicTypeRegistry.register - Adding type registration big_decimal -> org.hibernate.type.BigDecimalType@182e4365
15-03-2022 10:28:22.682 [main] DEBUG org.hibernate.type.BasicTypeRegistry.register - Adding type registration java.math.BigDecimal -> org.hibernate.type.BigDecimalType@182e4365
15-03-2022 10:28:22.683 [main] DEBUG org.hibernate.type.BasicTypeRegistry.register - Adding type registration big_integer -> org.hibernate.type.BigIntegerType@42f9873e
15-03-2022 10:28:22.683 [main] DEBUG org.hibernate.type.BasicTypeRegistry.register - Adding type registration java.math.BigInteger -> org.hibernate.type.BigIntegerType@42f9873e
15-03-2022 10:28:22.684 [main] DEBUG org.hibernate.type.BasicTypeRegistry.register - Adding type registration string -> org.hibernate.type.StringType@3f9f8d23
15-03-2022 10:28:22.685 [main] DEBUG org.hibernate.type.BasicTypeRegistry.register - Adding type registration java.lang.String -> org.hibernate.type.StringType@3f9f8d23
15-03-2022 10:28:22.685 [main] DEBUG org.hibernate.type.BasicTypeRegistry.register - Adding type registration nstring -> org.hibernate.type.StringNVarcharType@b86cb18
15-03-2022 10:28:22.686 [main] DEBUG org.hibernate.type.BasicTypeRegistry.register - Adding type registration ncharacter -> org.hibernate.type.CharacterNCharType@4404a6b
15-03-2022 10:28:22.687 [main] DEBUG org.hibernate.type.BasicTypeRegistry.register - Adding type registration url -> org.hibernate.type.UrlType@652b3733
15-03-2022 10:28:22.687 [main] DEBUG org.hibernate.type.BasicTypeRegistry.register - Adding type registration java.net.URL -> org.hibernate.type.UrlType@652b3733
15-03-2022 10:28:22.688 [main] DEBUG org.hibernate.type.BasicTypeRegistry.register - Adding type registration Duration -> org.hibernate.type.DurationType@478530cb
15-03-2022 10:28:22.688 [main] DEBUG org.hibernate.type.BasicTypeRegistry.register - Adding type registration java.time.Duration -> org.hibernate.type.DurationType@478530cb
15-03-2022 10:28:22.689 [main] DEBUG org.hibernate.type.BasicTypeRegistry.register - Adding type registration Instant -> org.hibernate.type.InstantType@17d816b3
15-03-2022 10:28:22.690 [main] DEBUG org.hibernate.type.BasicTypeRegistry.register - Adding type registration java.time.Instant -> org.hibernate.type.InstantType@17d816b3
15-03-2022 10:28:22.691 [main] DEBUG org.hibernate.type.BasicTypeRegistry.register - Adding type registration LocalDateTime -> org.hibernate.type.LocalDateTimeType@312f3050
15-03-2022 10:28:22.691 [main] DEBUG org.hibernate.type.BasicTypeRegistry.register - Adding type registration java.time.LocalDateTime -> org.hibernate.type.LocalDateTimeType@312f3050
15-03-2022 10:28:22.692 [main] DEBUG org.hibernate.type.BasicTypeRegistry.register - Adding type registration LocalDate -> org.hibernate.type.LocalDateType@33f349ae
15-03-2022 10:28:22.692 [main] DEBUG org.hibernate.type.BasicTypeRegistry.register - Adding type registration java.time.LocalDate -> org.hibernate.type.LocalDateType@33f349ae
15-03-2022 10:28:22.693 [main] DEBUG org.hibernate.type.BasicTypeRegistry.register - Adding type registration LocalTime -> org.hibernate.type.LocalTimeType@11228bee
15-03-2022 10:28:22.693 [main] DEBUG org.hibernate.type.BasicTypeRegistry.register - Adding type registration java.time.LocalTime -> org.hibernate.type.LocalTimeType@11228bee
15-03-2022 10:28:22.694 [main] DEBUG org.hibernate.type.BasicTypeRegistry.register - Adding type registration OffsetDateTime -> org.hibernate.type.OffsetDateTimeType@308a9264
15-03-2022 10:28:22.694 [main] DEBUG org.hibernate.type.BasicTypeRegistry.register - Adding type registration java.time.OffsetDateTime -> org.hibernate.type.OffsetDateTimeType@308a9264
15-03-2022 10:28:22.696 [main] DEBUG org.hibernate.type.BasicTypeRegistry.register - Adding type registration OffsetTime -> org.hibernate.type.OffsetTimeType@d8e4250
15-03-2022 10:28:22.696 [main] DEBUG org.hibernate.type.BasicTypeRegistry.register - Adding type registration java.time.OffsetTime -> org.hibernate.type.OffsetTimeType@d8e4250
15-03-2022 10:28:22.698 [main] DEBUG org.hibernate.type.BasicTypeRegistry.register - Adding type registration ZonedDateTime -> org.hibernate.type.ZonedDateTimeType@46a388cc
15-03-2022 10:28:22.698 [main] DEBUG org.hibernate.type.BasicTypeRegistry.register - Adding type registration java.time.ZonedDateTime -> org.hibernate.type.ZonedDateTimeType@46a388cc
15-03-2022 10:28:22.701 [main] DEBUG org.hibernate.type.BasicTypeRegistry.register - Adding type registration date -> org.hibernate.type.DateType@704c3bdf
15-03-2022 10:28:22.701 [main] DEBUG org.hibernate.type.BasicTypeRegistry.register - Adding type registration java.sql.Date -> org.hibernate.type.DateType@704c3bdf
15-03-2022 10:28:22.702 [main] DEBUG org.hibernate.type.BasicTypeRegistry.register - Adding type registration time -> org.hibernate.type.TimeType@667a467f
15-03-2022 10:28:22.703 [main] DEBUG org.hibernate.type.BasicTypeRegistry.register - Adding type registration java.sql.Time -> org.hibernate.type.TimeType@667a467f
15-03-2022 10:28:22.704 [main] DEBUG org.hibernate.type.BasicTypeRegistry.register - Adding type registration timestamp -> org.hibernate.type.TimestampType@1ad1be5d
15-03-2022 10:28:22.704 [main] DEBUG org.hibernate.type.BasicTypeRegistry.register - Adding type registration java.sql.Timestamp -> org.hibernate.type.TimestampType@1ad1be5d
15-03-2022 10:28:22.704 [main] DEBUG org.hibernate.type.BasicTypeRegistry.register - Adding type registration java.util.Date -> org.hibernate.type.TimestampType@1ad1be5d
15-03-2022 10:28:22.705 [main] DEBUG org.hibernate.type.BasicTypeRegistry.register - Adding type registration dbtimestamp -> org.hibernate.type.DbTimestampType@7221539
15-03-2022 10:28:22.707 [main] DEBUG org.hibernate.type.BasicTypeRegistry.register - Adding type registration calendar -> org.hibernate.type.CalendarType@780129bc
15-03-2022 10:28:22.707 [main] DEBUG org.hibernate.type.BasicTypeRegistry.register - Adding type registration java.util.Calendar -> org.hibernate.type.CalendarType@780129bc
15-03-2022 10:28:22.707 [main] DEBUG org.hibernate.type.BasicTypeRegistry.register - Adding type registration java.util.GregorianCalendar -> org.hibernate.type.CalendarType@780129bc
15-03-2022 10:28:22.708 [main] DEBUG org.hibernate.type.BasicTypeRegistry.register - Adding type registration calendar_date -> org.hibernate.type.CalendarDateType@63814bbe
15-03-2022 10:28:22.709 [main] DEBUG org.hibernate.type.BasicTypeRegistry.register - Adding type registration calendar_time -> org.hibernate.type.CalendarTimeType@7f4f1536
15-03-2022 10:28:22.710 [main] DEBUG org.hibernate.type.BasicTypeRegistry.register - Adding type registration locale -> org.hibernate.type.LocaleType@72001c71
15-03-2022 10:28:22.710 [main] DEBUG org.hibernate.type.BasicTypeRegistry.register - Adding type registration java.util.Locale -> org.hibernate.type.LocaleType@72001c71
15-03-2022 10:28:22.712 [main] DEBUG org.hibernate.type.BasicTypeRegistry.register - Adding type registration currency -> org.hibernate.type.CurrencyType@6cc8adff
15-03-2022 10:28:22.712 [main] DEBUG org.hibernate.type.BasicTypeRegistry.register - Adding type registration java.util.Currency -> org.hibernate.type.CurrencyType@6cc8adff
15-03-2022 10:28:22.713 [main] DEBUG org.hibernate.type.BasicTypeRegistry.register - Adding type registration timezone -> org.hibernate.type.TimeZoneType@51de5efa
15-03-2022 10:28:22.713 [main] DEBUG org.hibernate.type.BasicTypeRegistry.register - Adding type registration java.util.TimeZone -> org.hibernate.type.TimeZoneType@51de5efa
15-03-2022 10:28:22.714 [main] DEBUG org.hibernate.type.BasicTypeRegistry.register - Adding type registration class -> org.hibernate.type.ClassType@6996bbc4
15-03-2022 10:28:22.714 [main] DEBUG org.hibernate.type.BasicTypeRegistry.register - Adding type registration java.lang.Class -> org.hibernate.type.ClassType@6996bbc4
15-03-2022 10:28:22.715 [main] DEBUG org.hibernate.type.BasicTypeRegistry.register - Adding type registration uuid-binary -> org.hibernate.type.UUIDBinaryType@35e689a0
15-03-2022 10:28:22.715 [main] DEBUG org.hibernate.type.BasicTypeRegistry.register - Adding type registration java.util.UUID -> org.hibernate.type.UUIDBinaryType@35e689a0
15-03-2022 10:28:22.715 [main] DEBUG org.hibernate.type.BasicTypeRegistry.register - Adding type registration uuid-char -> org.hibernate.type.UUIDCharType@1cc93da4
15-03-2022 10:28:22.717 [main] DEBUG org.hibernate.type.BasicTypeRegistry.register - Adding type registration binary -> org.hibernate.type.BinaryType@17136390
15-03-2022 10:28:22.717 [main] DEBUG org.hibernate.type.BasicTypeRegistry.register - Adding type registration byte[] -> org.hibernate.type.BinaryType@17136390
15-03-2022 10:28:22.717 [main] DEBUG org.hibernate.type.BasicTypeRegistry.register - Adding type registration [B -> org.hibernate.type.BinaryType@17136390
15-03-2022 10:28:22.718 [main] DEBUG org.hibernate.type.BasicTypeRegistry.register - Adding type registration wrapper-binary -> org.hibernate.type.WrapperBinaryType@21a9f95b
15-03-2022 10:28:22.719 [main] DEBUG org.hibernate.type.BasicTypeRegistry.register - Adding type registration Byte[] -> org.hibernate.type.WrapperBinaryType@21a9f95b
15-03-2022 10:28:22.719 [main] DEBUG org.hibernate.type.BasicTypeRegistry.register - Adding type registration [Ljava.lang.Byte; -> org.hibernate.type.WrapperBinaryType@21a9f95b
15-03-2022 10:28:22.720 [main] DEBUG org.hibernate.type.BasicTypeRegistry.register - Adding type registration row_version -> org.hibernate.type.RowVersionType@1e0294a7
15-03-2022 10:28:22.720 [main] DEBUG org.hibernate.type.BasicTypeRegistry.register - Adding type registration image -> org.hibernate.type.ImageType@246de37e
15-03-2022 10:28:22.721 [main] DEBUG org.hibernate.type.BasicTypeRegistry.register - Adding type registration characters -> org.hibernate.type.CharArrayType@2f038d3c
15-03-2022 10:28:22.721 [main] DEBUG org.hibernate.type.BasicTypeRegistry.register - Adding type registration char[] -> org.hibernate.type.CharArrayType@2f038d3c
15-03-2022 10:28:22.721 [main] DEBUG org.hibernate.type.BasicTypeRegistry.register - Adding type registration [C -> org.hibernate.type.CharArrayType@2f038d3c
15-03-2022 10:28:22.722 [main] DEBUG org.hibernate.type.BasicTypeRegistry.register - Adding type registration wrapper-characters -> org.hibernate.type.CharacterArrayType@83ebdc5
15-03-2022 10:28:22.723 [main] DEBUG org.hibernate.type.BasicTypeRegistry.register - Adding type registration [Ljava.lang.Character; -> org.hibernate.type.CharacterArrayType@83ebdc5
15-03-2022 10:28:22.723 [main] DEBUG org.hibernate.type.BasicTypeRegistry.register - Adding type registration Character[] -> org.hibernate.type.CharacterArrayType@83ebdc5
15-03-2022 10:28:22.724 [main] DEBUG org.hibernate.type.BasicTypeRegistry.register - Adding type registration text -> org.hibernate.type.TextType@5fbae40
15-03-2022 10:28:22.724 [main] DEBUG org.hibernate.type.BasicTypeRegistry.register - Adding type registration ntext -> org.hibernate.type.NTextType@709d6de5
15-03-2022 10:28:22.725 [main] DEBUG org.hibernate.type.BasicTypeRegistry.register - Adding type registration blob -> org.hibernate.type.BlobType@75a226ea
15-03-2022 10:28:22.726 [main] DEBUG org.hibernate.type.BasicTypeRegistry.register - Adding type registration java.sql.Blob -> org.hibernate.type.BlobType@75a226ea
15-03-2022 10:28:22.726 [main] DEBUG org.hibernate.type.BasicTypeRegistry.register - Adding type registration materialized_blob -> org.hibernate.type.MaterializedBlobType@186481d4
15-03-2022 10:28:22.728 [main] DEBUG org.hibernate.type.BasicTypeRegistry.register - Adding type registration clob -> org.hibernate.type.ClobType@60ae7cf2
15-03-2022 10:28:22.728 [main] DEBUG org.hibernate.type.BasicTypeRegistry.register - Adding type registration java.sql.Clob -> org.hibernate.type.ClobType@60ae7cf2
15-03-2022 10:28:22.729 [main] DEBUG org.hibernate.type.BasicTypeRegistry.register - Adding type registration nclob -> org.hibernate.type.NClobType@279c4e3b
15-03-2022 10:28:22.729 [main] DEBUG org.hibernate.type.BasicTypeRegistry.register - Adding type registration java.sql.NClob -> org.hibernate.type.NClobType@279c4e3b
15-03-2022 10:28:22.730 [main] DEBUG org.hibernate.type.BasicTypeRegistry.register - Adding type registration materialized_clob -> org.hibernate.type.MaterializedClobType@56478522
15-03-2022 10:28:22.730 [main] DEBUG org.hibernate.type.BasicTypeRegistry.register - Adding type registration materialized_nclob -> org.hibernate.type.MaterializedNClobType@5dd747c1
15-03-2022 10:28:22.732 [main] DEBUG org.hibernate.type.BasicTypeRegistry.register - Adding type registration serializable -> org.hibernate.type.SerializableType@7769d9b6
15-03-2022 10:28:22.735 [main] DEBUG org.hibernate.type.BasicTypeRegistry.register - Adding type registration object -> org.hibernate.type.ObjectType@69ba72da
15-03-2022 10:28:22.735 [main] DEBUG org.hibernate.type.BasicTypeRegistry.register - Adding type registration java.lang.Object -> org.hibernate.type.ObjectType@69ba72da
15-03-2022 10:28:22.736 [main] DEBUG org.hibernate.type.BasicTypeRegistry.register - Adding type registration imm_date -> org.hibernate.type.AdaptedImmutableType@63c84d31
15-03-2022 10:28:22.736 [main] DEBUG org.hibernate.type.BasicTypeRegistry.register - Adding type registration imm_time -> org.hibernate.type.AdaptedImmutableType@102af1bb
15-03-2022 10:28:22.736 [main] DEBUG org.hibernate.type.BasicTypeRegistry.register - Adding type registration imm_timestamp -> org.hibernate.type.AdaptedImmutableType@797f97e3
15-03-2022 10:28:22.737 [main] DEBUG org.hibernate.type.BasicTypeRegistry.register - Adding type registration imm_dbtimestamp -> org.hibernate.type.AdaptedImmutableType@56cd5d76
15-03-2022 10:28:22.737 [main] DEBUG org.hibernate.type.BasicTypeRegistry.register - Adding type registration imm_calendar -> org.hibernate.type.AdaptedImmutableType@77cd235b
15-03-2022 10:28:22.737 [main] DEBUG org.hibernate.type.BasicTypeRegistry.register - Adding type registration imm_calendar_date -> org.hibernate.type.AdaptedImmutableType@302da330
15-03-2022 10:28:22.738 [main] DEBUG org.hibernate.type.BasicTypeRegistry.register - Adding type registration imm_binary -> org.hibernate.type.AdaptedImmutableType@3568ea59
15-03-2022 10:28:22.738 [main] DEBUG org.hibernate.type.BasicTypeRegistry.register - Adding type registration imm_serializable -> org.hibernate.type.AdaptedImmutableType@9f2376f
15-03-2022 10:28:22.850 [main] DEBUG o.h.type.spi.TypeConfiguration$Scope.scope - Scoping TypeConfiguration [org.hibernate.type.spi.TypeConfiguration@25b4754a] to MetadataBuildingContext [org.hibernate.boot.internal.MetadataBuildingContextRootImpl@6ec3a4c2]
15-03-2022 10:28:23.135 [main] DEBUG o.h.type.spi.TypeConfiguration$Scope.scope - Scoping TypeConfiguration [org.hibernate.type.spi.TypeConfiguration@25b4754a] to SessionFactoryImpl [org.hibernate.internal.SessionFactoryImpl@621a387f]
15-03-2022 10:28:23.444 [main] TRACE o.h.type.spi.TypeConfiguration$Scope.sessionFactoryCreated - Handling #sessionFactoryCreated from [org.hibernate.internal.SessionFactoryImpl@621a387f] for TypeConfiguration
15-03-2022 10:49:57.484 [SpringApplicationShutdownHook] TRACE o.h.type.spi.TypeConfiguration$Scope.sessionFactoryClosed - Handling #sessionFactoryClosed from [org.hibernate.internal.SessionFactoryImpl@621a387f] for TypeConfiguration
15-03-2022 10:49:57.490 [SpringApplicationShutdownHook] DEBUG o.h.type.spi.TypeConfiguration$Scope.unsetSessionFactory - Un-scoping TypeConfiguration [org.hibernate.type.spi.TypeConfiguration$Scope@3d513426] from SessionFactory [org.hibernate.internal.SessionFactoryImpl@621a387f]
15-03-2022 10:50:06.349 [main] DEBUG org.hibernate.type.BasicTypeRegistry.register - Adding type registration boolean -> org.hibernate.type.BooleanType@63326a3a
15-03-2022 10:50:06.349 [main] DEBUG org.hibernate.type.BasicTypeRegistry.register - Adding type registration boolean -> org.hibernate.type.BooleanType@63326a3a
15-03-2022 10:50:06.349 [main] DEBUG org.hibernate.type.BasicTypeRegistry.register - Adding type registration java.lang.Boolean -> org.hibernate.type.BooleanType@63326a3a
15-03-2022 10:50:06.350 [main] DEBUG org.hibernate.type.BasicTypeRegistry.register - Adding type registration numeric_boolean -> org.hibernate.type.NumericBooleanType@4315fe1b
15-03-2022 10:50:06.351 [main] DEBUG org.hibernate.type.BasicTypeRegistry.register - Adding type registration true_false -> org.hibernate.type.TrueFalseType@4df0d9f8
15-03-2022 10:50:06.352 [main] DEBUG org.hibernate.type.BasicTypeRegistry.register - Adding type registration yes_no -> org.hibernate.type.YesNoType@6de84336
15-03-2022 10:50:06.354 [main] DEBUG org.hibernate.type.BasicTypeRegistry.register - Adding type registration byte -> org.hibernate.type.ByteType@7e4ac598
15-03-2022 10:50:06.354 [main] DEBUG org.hibernate.type.BasicTypeRegistry.register - Adding type registration byte -> org.hibernate.type.ByteType@7e4ac598
15-03-2022 10:50:06.354 [main] DEBUG org.hibernate.type.BasicTypeRegistry.register - Adding type registration java.lang.Byte -> org.hibernate.type.ByteType@7e4ac598
15-03-2022 10:50:06.355 [main] DEBUG org.hibernate.type.BasicTypeRegistry.register - Adding type registration character -> org.hibernate.type.CharacterType@63bca84d
15-03-2022 10:50:06.355 [main] DEBUG org.hibernate.type.BasicTypeRegistry.register - Adding type registration char -> org.hibernate.type.CharacterType@63bca84d
15-03-2022 10:50:06.356 [main] DEBUG org.hibernate.type.BasicTypeRegistry.register - Adding type registration java.lang.Character -> org.hibernate.type.CharacterType@63bca84d
15-03-2022 10:50:06.356 [main] DEBUG org.hibernate.type.BasicTypeRegistry.register - Adding type registration short -> org.hibernate.type.ShortType@250a946
15-03-2022 10:50:06.357 [main] DEBUG org.hibernate.type.BasicTypeRegistry.register - Adding type registration short -> org.hibernate.type.ShortType@250a946
15-03-2022 10:50:06.357 [main] DEBUG org.hibernate.type.BasicTypeRegistry.register - Adding type registration java.lang.Short -> org.hibernate.type.ShortType@250a946
15-03-2022 10:50:06.358 [main] DEBUG org.hibernate.type.BasicTypeRegistry.register - Adding type registration integer -> org.hibernate.type.IntegerType@10f20d38
15-03-2022 10:50:06.358 [main] DEBUG org.hibernate.type.BasicTypeRegistry.register - Adding type registration int -> org.hibernate.type.IntegerType@10f20d38
15-03-2022 10:50:06.358 [main] DEBUG org.hibernate.type.BasicTypeRegistry.register - Adding type registration java.lang.Integer -> org.hibernate.type.IntegerType@10f20d38
15-03-2022 10:50:06.359 [main] DEBUG org.hibernate.type.BasicTypeRegistry.register - Adding type registration long -> org.hibernate.type.LongType@48106381
15-03-2022 10:50:06.359 [main] DEBUG org.hibernate.type.BasicTypeRegistry.register - Adding type registration long -> org.hibernate.type.LongType@48106381
15-03-2022 10:50:06.359 [main] DEBUG org.hibernate.type.BasicTypeRegistry.register - Adding type registration java.lang.Long -> org.hibernate.type.LongType@48106381
15-03-2022 10:50:06.360 [main] DEBUG org.hibernate.type.BasicTypeRegistry.register - Adding type registration float -> org.hibernate.type.FloatType@6c2883b1
15-03-2022 10:50:06.360 [main] DEBUG org.hibernate.type.BasicTypeRegistry.register - Adding type registration float -> org.hibernate.type.FloatType@6c2883b1
15-03-2022 10:50:06.360 [main] DEBUG org.hibernate.type.BasicTypeRegistry.register - Adding type registration java.lang.Float -> org.hibernate.type.FloatType@6c2883b1
15-03-2022 10:50:06.361 [main] DEBUG org.hibernate.type.BasicTypeRegistry.register - Adding type registration double -> org.hibernate.type.DoubleType@fd4459b
15-03-2022 10:50:06.361 [main] DEBUG org.hibernate.type.BasicTypeRegistry.register - Adding type registration double -> org.hibernate.type.DoubleType@fd4459b
15-03-2022 10:50:06.362 [main] DEBUG org.hibernate.type.BasicTypeRegistry.register - Adding type registration java.lang.Double -> org.hibernate.type.DoubleType@fd4459b
15-03-2022 10:50:06.362 [main] DEBUG org.hibernate.type.BasicTypeRegistry.register - Adding type registration big_decimal -> org.hibernate.type.BigDecimalType@789dd6bf
15-03-2022 10:50:06.363 [main] DEBUG org.hibernate.type.BasicTypeRegistry.register - Adding type registration java.math.BigDecimal -> org.hibernate.type.BigDecimalType@789dd6bf
15-03-2022 10:50:06.363 [main] DEBUG org.hibernate.type.BasicTypeRegistry.register - Adding type registration big_integer -> org.hibernate.type.BigIntegerType@18483b8b
15-03-2022 10:50:06.363 [main] DEBUG org.hibernate.type.BasicTypeRegistry.register - Adding type registration java.math.BigInteger -> org.hibernate.type.BigIntegerType@18483b8b
15-03-2022 10:50:06.364 [main] DEBUG org.hibernate.type.BasicTypeRegistry.register - Adding type registration string -> org.hibernate.type.StringType@603d25db
15-03-2022 10:50:06.364 [main] DEBUG org.hibernate.type.BasicTypeRegistry.register - Adding type registration java.lang.String -> org.hibernate.type.StringType@603d25db
15-03-2022 10:50:06.365 [main] DEBUG org.hibernate.type.BasicTypeRegistry.register - Adding type registration nstring -> org.hibernate.type.StringNVarcharType@29c244e
15-03-2022 10:50:06.365 [main] DEBUG org.hibernate.type.BasicTypeRegistry.register - Adding type registration ncharacter -> org.hibernate.type.CharacterNCharType@671da0f9
15-03-2022 10:50:06.366 [main] DEBUG org.hibernate.type.BasicTypeRegistry.register - Adding type registration url -> org.hibernate.type.UrlType@7b598d05
15-03-2022 10:50:06.366 [main] DEBUG org.hibernate.type.BasicTypeRegistry.register - Adding type registration java.net.URL -> org.hibernate.type.UrlType@7b598d05
15-03-2022 10:50:06.368 [main] DEBUG org.hibernate.type.BasicTypeRegistry.register - Adding type registration Duration -> org.hibernate.type.DurationType@5be7b749
15-03-2022 10:50:06.368 [main] DEBUG org.hibernate.type.BasicTypeRegistry.register - Adding type registration java.time.Duration -> org.hibernate.type.DurationType@5be7b749
15-03-2022 10:50:06.369 [main] DEBUG org.hibernate.type.BasicTypeRegistry.register - Adding type registration Instant -> org.hibernate.type.InstantType@126675fd
15-03-2022 10:50:06.369 [main] DEBUG org.hibernate.type.BasicTypeRegistry.register - Adding type registration java.time.Instant -> org.hibernate.type.InstantType@126675fd
15-03-2022 10:50:06.370 [main] DEBUG org.hibernate.type.BasicTypeRegistry.register - Adding type registration LocalDateTime -> org.hibernate.type.LocalDateTimeType@615bad16
15-03-2022 10:50:06.370 [main] DEBUG org.hibernate.type.BasicTypeRegistry.register - Adding type registration java.time.LocalDateTime -> org.hibernate.type.LocalDateTimeType@615bad16
15-03-2022 10:50:06.371 [main] DEBUG org.hibernate.type.BasicTypeRegistry.register - Adding type registration LocalDate -> org.hibernate.type.LocalDateType@377e573a
15-03-2022 10:50:06.371 [main] DEBUG org.hibernate.type.BasicTypeRegistry.register - Adding type registration java.time.LocalDate -> org.hibernate.type.LocalDateType@377e573a
15-03-2022 10:50:06.372 [main] DEBUG org.hibernate.type.BasicTypeRegistry.register - Adding type registration LocalTime -> org.hibernate.type.LocalTimeType@7d626f2
15-03-2022 10:50:06.372 [main] DEBUG org.hibernate.type.BasicTypeRegistry.register - Adding type registration java.time.LocalTime -> org.hibernate.type.LocalTimeType@7d626f2
15-03-2022 10:50:06.373 [main] DEBUG org.hibernate.type.BasicTypeRegistry.register - Adding type registration OffsetDateTime -> org.hibernate.type.OffsetDateTimeType@7da77305
15-03-2022 10:50:06.373 [main] DEBUG org.hibernate.type.BasicTypeRegistry.register - Adding type registration java.time.OffsetDateTime -> org.hibernate.type.OffsetDateTimeType@7da77305
15-03-2022 10:50:06.375 [main] DEBUG org.hibernate.type.BasicTypeRegistry.register - Adding type registration OffsetTime -> org.hibernate.type.OffsetTimeType@100807ca
15-03-2022 10:50:06.375 [main] DEBUG org.hibernate.type.BasicTypeRegistry.register - Adding type registration java.time.OffsetTime -> org.hibernate.type.OffsetTimeType@100807ca
15-03-2022 10:50:06.377 [main] DEBUG org.hibernate.type.BasicTypeRegistry.register - Adding type registration ZonedDateTime -> org.hibernate.type.ZonedDateTimeType@3e39f08c
15-03-2022 10:50:06.377 [main] DEBUG org.hibernate.type.BasicTypeRegistry.register - Adding type registration java.time.ZonedDateTime -> org.hibernate.type.ZonedDateTimeType@3e39f08c
15-03-2022 10:50:06.379 [main] DEBUG org.hibernate.type.BasicTypeRegistry.register - Adding type registration date -> org.hibernate.type.DateType@37986daf
15-03-2022 10:50:06.379 [main] DEBUG org.hibernate.type.BasicTypeRegistry.register - Adding type registration java.sql.Date -> org.hibernate.type.DateType@37986daf
15-03-2022 10:50:06.380 [main] DEBUG org.hibernate.type.BasicTypeRegistry.register - Adding type registration time -> org.hibernate.type.TimeType@324e8baa
15-03-2022 10:50:06.380 [main] DEBUG org.hibernate.type.BasicTypeRegistry.register - Adding type registration java.sql.Time -> org.hibernate.type.TimeType@324e8baa
15-03-2022 10:50:06.381 [main] DEBUG org.hibernate.type.BasicTypeRegistry.register - Adding type registration timestamp -> org.hibernate.type.TimestampType@47797401
15-03-2022 10:50:06.381 [main] DEBUG org.hibernate.type.BasicTypeRegistry.register - Adding type registration java.sql.Timestamp -> org.hibernate.type.TimestampType@47797401
15-03-2022 10:50:06.381 [main] DEBUG org.hibernate.type.BasicTypeRegistry.register - Adding type registration java.util.Date -> org.hibernate.type.TimestampType@47797401
15-03-2022 10:50:06.382 [main] DEBUG org.hibernate.type.BasicTypeRegistry.register - Adding type registration dbtimestamp -> org.hibernate.type.DbTimestampType@b77b0a0
15-03-2022 10:50:06.383 [main] DEBUG org.hibernate.type.BasicTypeRegistry.register - Adding type registration calendar -> org.hibernate.type.CalendarType@3e2c4d4b
15-03-2022 10:50:06.383 [main] DEBUG org.hibernate.type.BasicTypeRegistry.register - Adding type registration java.util.Calendar -> org.hibernate.type.CalendarType@3e2c4d4b
15-03-2022 10:50:06.383 [main] DEBUG org.hibernate.type.BasicTypeRegistry.register - Adding type registration java.util.GregorianCalendar -> org.hibernate.type.CalendarType@3e2c4d4b
15-03-2022 10:50:06.384 [main] DEBUG org.hibernate.type.BasicTypeRegistry.register - Adding type registration calendar_date -> org.hibernate.type.CalendarDateType@3cb195dd
15-03-2022 10:50:06.385 [main] DEBUG org.hibernate.type.BasicTypeRegistry.register - Adding type registration calendar_time -> org.hibernate.type.CalendarTimeType@1ad1b737
15-03-2022 10:50:06.385 [main] DEBUG org.hibernate.type.BasicTypeRegistry.register - Adding type registration locale -> org.hibernate.type.LocaleType@e7b0bec
15-03-2022 10:50:06.385 [main] DEBUG org.hibernate.type.BasicTypeRegistry.register - Adding type registration java.util.Locale -> org.hibernate.type.LocaleType@e7b0bec
15-03-2022 10:50:06.387 [main] DEBUG org.hibernate.type.BasicTypeRegistry.register - Adding type registration currency -> org.hibernate.type.CurrencyType@6b2e9db2
15-03-2022 10:50:06.387 [main] DEBUG org.hibernate.type.BasicTypeRegistry.register - Adding type registration java.util.Currency -> org.hibernate.type.CurrencyType@6b2e9db2
15-03-2022 10:50:06.387 [main] DEBUG org.hibernate.type.BasicTypeRegistry.register - Adding type registration timezone -> org.hibernate.type.TimeZoneType@30228de7
15-03-2022 10:50:06.388 [main] DEBUG org.hibernate.type.BasicTypeRegistry.register - Adding type registration java.util.TimeZone -> org.hibernate.type.TimeZoneType@30228de7
15-03-2022 10:50:06.388 [main] DEBUG org.hibernate.type.BasicTypeRegistry.register - Adding type registration class -> org.hibernate.type.ClassType@1de08775
15-03-2022 10:50:06.388 [main] DEBUG org.hibernate.type.BasicTypeRegistry.register - Adding type registration java.lang.Class -> org.hibernate.type.ClassType@1de08775
15-03-2022 10:50:06.389 [main] DEBUG org.hibernate.type.BasicTypeRegistry.register - Adding type registration uuid-binary -> org.hibernate.type.UUIDBinaryType@43b6cb1c
15-03-2022 10:50:06.389 [main] DEBUG org.hibernate.type.BasicTypeRegistry.register - Adding type registration java.util.UUID -> org.hibernate.type.UUIDBinaryType@43b6cb1c
15-03-2022 10:50:06.390 [main] DEBUG org.hibernate.type.BasicTypeRegistry.register - Adding type registration uuid-char -> org.hibernate.type.UUIDCharType@69d2fb0a
15-03-2022 10:50:06.390 [main] DEBUG org.hibernate.type.BasicTypeRegistry.register - Adding type registration binary -> org.hibernate.type.BinaryType@273293c8
15-03-2022 10:50:06.391 [main] DEBUG org.hibernate.type.BasicTypeRegistry.register - Adding type registration byte[] -> org.hibernate.type.BinaryType@273293c8
15-03-2022 10:50:06.391 [main] DEBUG org.hibernate.type.BasicTypeRegistry.register - Adding type registration [B -> org.hibernate.type.BinaryType@273293c8
15-03-2022 10:50:06.391 [main] DEBUG org.hibernate.type.BasicTypeRegistry.register - Adding type registration wrapper-binary -> org.hibernate.type.WrapperBinaryType@2804b13f
15-03-2022 10:50:06.392 [main] DEBUG org.hibernate.type.BasicTypeRegistry.register - Adding type registration Byte[] -> org.hibernate.type.WrapperBinaryType@2804b13f
15-03-2022 10:50:06.392 [main] DEBUG org.hibernate.type.BasicTypeRegistry.register - Adding type registration [Ljava.lang.Byte; -> org.hibernate.type.WrapperBinaryType@2804b13f
15-03-2022 10:50:06.392 [main] DEBUG org.hibernate.type.BasicTypeRegistry.register - Adding type registration row_version -> org.hibernate.type.RowVersionType@3041beb3
15-03-2022 10:50:06.393 [main] DEBUG org.hibernate.type.BasicTypeRegistry.register - Adding type registration image -> org.hibernate.type.ImageType@19647566
15-03-2022 10:50:06.393 [main] DEBUG org.hibernate.type.BasicTypeRegistry.register - Adding type registration characters -> org.hibernate.type.CharArrayType@376498da
15-03-2022 10:50:06.394 [main] DEBUG org.hibernate.type.BasicTypeRegistry.register - Adding type registration char[] -> org.hibernate.type.CharArrayType@376498da
15-03-2022 10:50:06.394 [main] DEBUG org.hibernate.type.BasicTypeRegistry.register - Adding type registration [C -> org.hibernate.type.CharArrayType@376498da
15-03-2022 10:50:06.394 [main] DEBUG org.hibernate.type.BasicTypeRegistry.register - Adding type registration wrapper-characters -> org.hibernate.type.CharacterArrayType@a047bdb
15-03-2022 10:50:06.395 [main] DEBUG org.hibernate.type.BasicTypeRegistry.register - Adding type registration [Ljava.lang.Character; -> org.hibernate.type.CharacterArrayType@a047bdb
15-03-2022 10:50:06.395 [main] DEBUG org.hibernate.type.BasicTypeRegistry.register - Adding type registration Character[] -> org.hibernate.type.CharacterArrayType@a047bdb
15-03-2022 10:50:06.395 [main] DEBUG org.hibernate.type.BasicTypeRegistry.register - Adding type registration text -> org.hibernate.type.TextType@2c08c787
15-03-2022 10:50:06.395 [main] DEBUG org.hibernate.type.BasicTypeRegistry.register - Adding type registration ntext -> org.hibernate.type.NTextType@1a43a88e
15-03-2022 10:50:06.396 [main] DEBUG org.hibernate.type.BasicTypeRegistry.register - Adding type registration blob -> org.hibernate.type.BlobType@986b619
15-03-2022 10:50:06.396 [main] DEBUG org.hibernate.type.BasicTypeRegistry.register - Adding type registration java.sql.Blob -> org.hibernate.type.BlobType@986b619
15-03-2022 10:50:06.397 [main] DEBUG org.hibernate.type.BasicTypeRegistry.register - Adding type registration materialized_blob -> org.hibernate.type.MaterializedBlobType@24eecabf
15-03-2022 10:50:06.398 [main] DEBUG org.hibernate.type.BasicTypeRegistry.register - Adding type registration clob -> org.hibernate.type.ClobType@225e09f0
15-03-2022 10:50:06.398 [main] DEBUG org.hibernate.type.BasicTypeRegistry.register - Adding type registration java.sql.Clob -> org.hibernate.type.ClobType@225e09f0
15-03-2022 10:50:06.399 [main] DEBUG org.hibernate.type.BasicTypeRegistry.register - Adding type registration nclob -> org.hibernate.type.NClobType@334b392d
15-03-2022 10:50:06.399 [main] DEBUG org.hibernate.type.BasicTypeRegistry.register - Adding type registration java.sql.NClob -> org.hibernate.type.NClobType@334b392d
15-03-2022 10:50:06.399 [main] DEBUG org.hibernate.type.BasicTypeRegistry.register - Adding type registration materialized_clob -> org.hibernate.type.MaterializedClobType@3caf5c96
15-03-2022 10:50:06.400 [main] DEBUG org.hibernate.type.BasicTypeRegistry.register - Adding type registration materialized_nclob -> org.hibernate.type.MaterializedNClobType@1bdafb01
15-03-2022 10:50:06.401 [main] DEBUG org.hibernate.type.BasicTypeRegistry.register - Adding type registration serializable -> org.hibernate.type.SerializableType@248d3a
15-03-2022 10:50:06.403 [main] DEBUG org.hibernate.type.BasicTypeRegistry.register - Adding type registration object -> org.hibernate.type.ObjectType@2e1ba142
15-03-2022 10:50:06.403 [main] DEBUG org.hibernate.type.BasicTypeRegistry.register - Adding type registration java.lang.Object -> org.hibernate.type.ObjectType@2e1ba142
15-03-2022 10:50:06.404 [main] DEBUG org.hibernate.type.BasicTypeRegistry.register - Adding type registration imm_date -> org.hibernate.type.AdaptedImmutableType@102af1bb
15-03-2022 10:50:06.404 [main] DEBUG org.hibernate.type.BasicTypeRegistry.register - Adding type registration imm_time -> org.hibernate.type.AdaptedImmutableType@797f97e3
15-03-2022 10:50:06.404 [main] DEBUG org.hibernate.type.BasicTypeRegistry.register - Adding type registration imm_timestamp -> org.hibernate.type.AdaptedImmutableType@56cd5d76
15-03-2022 10:50:06.404 [main] DEBUG org.hibernate.type.BasicTypeRegistry.register - Adding type registration imm_dbtimestamp -> org.hibernate.type.AdaptedImmutableType@77cd235b
15-03-2022 10:50:06.404 [main] DEBUG org.hibernate.type.BasicTypeRegistry.register - Adding type registration imm_calendar -> org.hibernate.type.AdaptedImmutableType@302da330
15-03-2022 10:50:06.404 [main] DEBUG org.hibernate.type.BasicTypeRegistry.register - Adding type registration imm_calendar_date -> org.hibernate.type.AdaptedImmutableType@3568ea59
15-03-2022 10:50:06.405 [main] DEBUG org.hibernate.type.BasicTypeRegistry.register - Adding type registration imm_binary -> org.hibernate.type.AdaptedImmutableType@9f2376f
15-03-2022 10:50:06.405 [main] DEBUG org.hibernate.type.BasicTypeRegistry.register - Adding type registration imm_serializable -> org.hibernate.type.AdaptedImmutableType@173b1af1
15-03-2022 10:50:06.522 [main] DEBUG o.h.type.spi.TypeConfiguration$Scope.scope - Scoping TypeConfiguration [org.hibernate.type.spi.TypeConfiguration@1b98355f] to MetadataBuildingContext [org.hibernate.boot.internal.MetadataBuildingContextRootImpl@949d347]
15-03-2022 10:50:06.747 [main] DEBUG o.h.type.spi.TypeConfiguration$Scope.scope - Scoping TypeConfiguration [org.hibernate.type.spi.TypeConfiguration@1b98355f] to SessionFactoryImpl [org.hibernate.internal.SessionFactoryImpl@5e763c07]
15-03-2022 10:50:07.056 [main] TRACE o.h.type.spi.TypeConfiguration$Scope.sessionFactoryCreated - Handling #sessionFactoryCreated from [org.hibernate.internal.SessionFactoryImpl@5e763c07] for TypeConfiguration
15-03-2022 10:50:44.070 [org.springframework.jms.JmsListenerEndpointContainer#0-1] TRACE o.h.type.descriptor.sql.BasicBinder.bind - binding parameter [1] as [VARCHAR] - [REST_WEB_SERVICE_POST]
15-03-2022 10:50:44.072 [org.springframework.jms.JmsListenerEndpointContainer#0-1] TRACE o.h.type.descriptor.sql.BasicBinder.bind - binding parameter [2] as [TIMESTAMP] - [Tue Mar 15 10:50:43 EET 2022]
15-03-2022 10:50:44.085 [org.springframework.jms.JmsListenerEndpointContainer#0-1] TRACE o.h.type.descriptor.sql.BasicBinder.bind - binding parameter [3] as [CLOB] - [["0271470f1739a99f5760755ab835e8dd5ed40b34"]]
15-03-2022 10:50:44.087 [org.springframework.jms.JmsListenerEndpointContainer#0-1] TRACE o.h.type.descriptor.sql.BasicBinder.bind - binding parameter [4] as [TIMESTAMP] - [Tue Mar 15 10:50:43 EET 2022]
15-03-2022 10:50:44.087 [org.springframework.jms.JmsListenerEndpointContainer#0-1] TRACE o.h.type.descriptor.sql.BasicBinder.bind - binding parameter [5] as [CLOB] - [{"responseCode":1000,"responseDesc":"Success","userName":"adaydreamer","accountId":12064572}]
15-03-2022 10:50:44.088 [org.springframework.jms.JmsListenerEndpointContainer#0-1] TRACE o.h.type.descriptor.sql.BasicBinder.bind - binding parameter [6] as [VARCHAR] - [1000]
15-03-2022 10:50:44.089 [org.springframework.jms.JmsListenerEndpointContainer#0-1] TRACE o.h.type.descriptor.sql.BasicBinder.bind - binding parameter [7] as [VARCHAR] - [Success]
15-03-2022 10:50:44.089 [org.springframework.jms.JmsListenerEndpointContainer#0-1] TRACE o.h.type.descriptor.sql.BasicBinder.bind - binding parameter [8] as [VARCHAR] - [ACCOUNT_CONTROLLER]
15-03-2022 10:50:44.089 [org.springframework.jms.JmsListenerEndpointContainer#0-1] TRACE o.h.type.descriptor.sql.BasicBinder.bind - binding parameter [9] as [VARCHAR] - [GET_ACCOUNT_DETAIL]
15-03-2022 10:50:44.090 [org.springframework.jms.JmsListenerEndpointContainer#0-1] TRACE o.h.type.descriptor.sql.BasicBinder.bind - binding parameter [10] as [BIGINT] - [1]
15-03-2022 10:51:16.111 [org.springframework.jms.JmsListenerEndpointContainer#0-2] TRACE o.h.type.descriptor.sql.BasicBinder.bind - binding parameter [1] as [VARCHAR] - [REST_WEB_SERVICE_POST]
15-03-2022 10:51:16.112 [org.springframework.jms.JmsListenerEndpointContainer#0-2] TRACE o.h.type.descriptor.sql.BasicBinder.bind - binding parameter [2] as [TIMESTAMP] - [Tue Mar 15 10:51:16 EET 2022]
15-03-2022 10:51:16.113 [org.springframework.jms.JmsListenerEndpointContainer#0-2] TRACE o.h.type.descriptor.sql.BasicBinder.bind - binding parameter [3] as [CLOB] - [["0271470f1739a99f5760755ab835e8dd5ed40b34","12064572"]]
15-03-2022 10:51:16.113 [org.springframework.jms.JmsListenerEndpointContainer#0-2] TRACE o.h.type.descriptor.sql.BasicBinder.bind - binding parameter [4] as [TIMESTAMP] - [Tue Mar 15 10:51:16 EET 2022]
15-03-2022 10:51:16.114 [org.springframework.jms.JmsListenerEndpointContainer#0-2] TRACE o.h.type.descriptor.sql.BasicBinder.bind - binding parameter [5] as [CLOB] - [{"responseCode":1000,"responseDesc":"Success","movieList":[{"posterPath":"/iQK0pkTQC60XR3Zlu2pp8kujoqW.jpg","id":70160,"releaseDate":"2012-03-12","title":"The Hunger Games"},{"posterPath":"/ngpLhUccj6mlvAVpiIa7jUcFxhT.jpg","id":13387,"releaseDate":"2008-11-26","title":"Transporter 3"}]}]
15-03-2022 10:51:16.114 [org.springframework.jms.JmsListenerEndpointContainer#0-2] TRACE o.h.type.descriptor.sql.BasicBinder.bind - binding parameter [6] as [VARCHAR] - [1000]
15-03-2022 10:51:16.115 [org.springframework.jms.JmsListenerEndpointContainer#0-2] TRACE o.h.type.descriptor.sql.BasicBinder.bind - binding parameter [7] as [VARCHAR] - [Success]
15-03-2022 10:51:16.115 [org.springframework.jms.JmsListenerEndpointContainer#0-2] TRACE o.h.type.descriptor.sql.BasicBinder.bind - binding parameter [8] as [VARCHAR] - [ACCOUNT_CONTROLLER]
15-03-2022 10:51:16.116 [org.springframework.jms.JmsListenerEndpointContainer#0-2] TRACE o.h.type.descriptor.sql.BasicBinder.bind - binding parameter [9] as [VARCHAR] - [GET_ACCOUNT_DETAIL]
15-03-2022 10:51:16.116 [org.springframework.jms.JmsListenerEndpointContainer#0-2] TRACE o.h.type.descriptor.sql.BasicBinder.bind - binding parameter [10] as [BIGINT] - [2]
15-03-2022 10:52:01.872 [org.springframework.jms.JmsListenerEndpointContainer#0-3] TRACE o.h.type.descriptor.sql.BasicBinder.bind - binding parameter [1] as [VARCHAR] - [REST_WEB_SERVICE_POST]
15-03-2022 10:52:01.872 [org.springframework.jms.JmsListenerEndpointContainer#0-3] TRACE o.h.type.descriptor.sql.BasicBinder.bind - binding parameter [2] as [TIMESTAMP] - [Tue Mar 15 10:52:01 EET 2022]
15-03-2022 10:52:01.872 [org.springframework.jms.JmsListenerEndpointContainer#0-3] TRACE o.h.type.descriptor.sql.BasicBinder.bind - binding parameter [3] as [CLOB] - [["0271470f1739a99f5760755ab835e8dd5ed40b34","12064572",{"mediaId":13387,"watchList":false}]]
15-03-2022 10:52:01.873 [org.springframework.jms.JmsListenerEndpointContainer#0-3] TRACE o.h.type.descriptor.sql.BasicBinder.bind - binding parameter [4] as [TIMESTAMP] - [Tue Mar 15 10:52:01 EET 2022]
15-03-2022 10:52:01.873 [org.springframework.jms.JmsListenerEndpointContainer#0-3] TRACE o.h.type.descriptor.sql.BasicBinder.bind - binding parameter [5] as [CLOB] - [{"responseCode":1000,"responseDesc":"Success"}]
15-03-2022 10:52:01.873 [org.springframework.jms.JmsListenerEndpointContainer#0-3] TRACE o.h.type.descriptor.sql.BasicBinder.bind - binding parameter [6] as [VARCHAR] - [1000]
15-03-2022 10:52:01.873 [org.springframework.jms.JmsListenerEndpointContainer#0-3] TRACE o.h.type.descriptor.sql.BasicBinder.bind - binding parameter [7] as [VARCHAR] - [Success]
15-03-2022 10:52:01.874 [org.springframework.jms.JmsListenerEndpointContainer#0-3] TRACE o.h.type.descriptor.sql.BasicBinder.bind - binding parameter [8] as [VARCHAR] - [ACCOUNT_CONTROLLER]
15-03-2022 10:52:01.874 [org.springframework.jms.JmsListenerEndpointContainer#0-3] TRACE o.h.type.descriptor.sql.BasicBinder.bind - binding parameter [9] as [VARCHAR] - [GET_ACCOUNT_DETAIL]
15-03-2022 10:52:01.874 [org.springframework.jms.JmsListenerEndpointContainer#0-3] TRACE o.h.type.descriptor.sql.BasicBinder.bind - binding parameter [10] as [BIGINT] - [3]
