15-03-2022 10:25:01.735 [main] DEBUG org.hibernate.SQL.logStatement - drop table if exists service_log CASCADE 
15-03-2022 10:25:01.740 [main] DEBUG org.hibernate.SQL.logStatement - drop sequence if exists hibernate_sequence
15-03-2022 10:25:01.744 [main] DEBUG org.hibernate.SQL.logStatement - create sequence hibernate_sequence start with 1 increment by 1
15-03-2022 10:25:01.747 [main] DEBUG org.hibernate.SQL.logStatement - create table service_log (id bigint not null, header_application varchar(255), in_date timestamp, in_parameters clob, out_date timestamp, out_parameters clob, result_code varchar(255), result_desc varchar(255), service_name varchar(255), service_operation varchar(255), primary key (id))
15-03-2022 10:28:13.366 [SpringApplicationShutdownHook] DEBUG org.hibernate.SQL.logStatement - drop table if exists service_log CASCADE 
15-03-2022 10:28:13.517 [SpringApplicationShutdownHook] DEBUG org.hibernate.SQL.logStatement - drop sequence if exists hibernate_sequence
15-03-2022 10:28:23.421 [main] DEBUG org.hibernate.SQL.logStatement - drop table if exists service_log CASCADE 
15-03-2022 10:28:23.425 [main] DEBUG org.hibernate.SQL.logStatement - drop sequence if exists hibernate_sequence
15-03-2022 10:28:23.428 [main] DEBUG org.hibernate.SQL.logStatement - create sequence hibernate_sequence start with 1 increment by 1
15-03-2022 10:28:23.430 [main] DEBUG org.hibernate.SQL.logStatement - create table service_log (id bigint not null, header_application varchar(255), in_date timestamp, in_parameters clob, out_date timestamp, out_parameters clob, result_code varchar(255), result_desc varchar(255), service_name varchar(255), service_operation varchar(255), primary key (id))
15-03-2022 10:49:57.319 [SpringApplicationShutdownHook] DEBUG org.hibernate.SQL.logStatement - drop table if exists service_log CASCADE 
15-03-2022 10:49:57.483 [SpringApplicationShutdownHook] DEBUG org.hibernate.SQL.logStatement - drop sequence if exists hibernate_sequence
15-03-2022 10:50:07.034 [main] DEBUG org.hibernate.SQL.logStatement - drop table if exists service_log CASCADE 
15-03-2022 10:50:07.038 [main] DEBUG org.hibernate.SQL.logStatement - drop sequence if exists hibernate_sequence
15-03-2022 10:50:07.041 [main] DEBUG org.hibernate.SQL.logStatement - create sequence hibernate_sequence start with 1 increment by 1
15-03-2022 10:50:07.043 [main] DEBUG org.hibernate.SQL.logStatement - create table service_log (id bigint not null, header_application varchar(255), in_date timestamp, in_parameters clob, out_date timestamp, out_parameters clob, result_code varchar(255), result_desc varchar(255), service_name varchar(255), service_operation varchar(255), primary key (id))
15-03-2022 10:50:44.007 [org.springframework.jms.JmsListenerEndpointContainer#0-1] DEBUG org.hibernate.SQL.logStatement - call next value for hibernate_sequence
15-03-2022 10:50:44.064 [org.springframework.jms.JmsListenerEndpointContainer#0-1] DEBUG org.hibernate.SQL.logStatement - insert into service_log (header_application, in_date, in_parameters, out_date, out_parameters, result_code, result_desc, service_name, service_operation, id) values (?, ?, ?, ?, ?, ?, ?, ?, ?, ?)
15-03-2022 10:51:16.109 [org.springframework.jms.JmsListenerEndpointContainer#0-2] DEBUG org.hibernate.SQL.logStatement - call next value for hibernate_sequence
15-03-2022 10:51:16.111 [org.springframework.jms.JmsListenerEndpointContainer#0-2] DEBUG org.hibernate.SQL.logStatement - insert into service_log (header_application, in_date, in_parameters, out_date, out_parameters, result_code, result_desc, service_name, service_operation, id) values (?, ?, ?, ?, ?, ?, ?, ?, ?, ?)
15-03-2022 10:52:01.869 [org.springframework.jms.JmsListenerEndpointContainer#0-3] DEBUG org.hibernate.SQL.logStatement - call next value for hibernate_sequence
15-03-2022 10:52:01.871 [org.springframework.jms.JmsListenerEndpointContainer#0-3] DEBUG org.hibernate.SQL.logStatement - insert into service_log (header_application, in_date, in_parameters, out_date, out_parameters, result_code, result_desc, service_name, service_operation, id) values (?, ?, ?, ?, ?, ?, ?, ?, ?, ?)
